<?xml version="1.0" encoding="UTF-8"?>
<!-- Generated by org.testng.reporters.JUnitReportReporter -->
<testsuite skipped="0" hostname="LAPTOP-T3UANJN2" name="com.ultimateqa.courses.testsuite.LoginPageTest" tests="2" failures="0" timestamp="2022-12-13T19:45:13 GMT" time="11.351" errors="0">
  <testcase name="userShouldNavigateToLoginPageSuccessfully" time="5.851" classname="com.ultimateqa.courses.testsuite.LoginPageTest"/>
  <system-out>
    <![CDATA[User clicks on sign in link
Error Message is displayed]]>
  </system-out>
  <testcase name="verifyTheErrorMessage" time="5.500" classname="com.ultimateqa.courses.testsuite.LoginPageTest"/>
  <system-out>
    <![CDATA[User clicks on sign in link
Enter email admin1234@example.com to email field [[ChromeDriver: chrome on WINDOWS (8bebe785f5e8724a4e999d7824ed1147)] -> id: user[email]]
Enter password to password field
Click on sign in button
Error message display]]>
  </system-out>
</testsuite> <!-- com.ultimateqa.courses.testsuite.LoginPageTest -->
